<?xml version="1.0" encoding="UTF-8"?>
<Site BuildName="Linux-gcc"
	BuildStamp="20231022-2242-Experimental"
	Name="fedora"
	Generator="ctest-3.27.7"
	CompilerName=""
	CompilerVersion=""
	OSName="Linux"
	Hostname="fedora"
	OSRelease="6.5.6-200.fc38.x86_64"
	OSVersion="#1 SMP PREEMPT_DYNAMIC Fri Oct  6 19:02:35 UTC 2023"
	OSPlatform="x86_64"
	Is64Bits="1"
	VendorString="GenuineIntel"
	VendorID="Intel Corporation"
	FamilyID="6"
	ModelID="140"
	ProcessorCacheSize="12288"
	NumberOfLogicalCPU="8"
	NumberOfPhysicalCPU="4"
	TotalVirtualMemory="8191"
	TotalPhysicalMemory="15671"
	LogicalProcessorsPerPhysical="2"
	ProcessorClockFrequency="2386.87"
	>
	<Testing>
		<StartDateTime>Oct 23 00:55 CEST</StartDateTime>
		<StartTestTime>1698015322</StartTestTime>
		<TestList/>
		<EndDateTime>Oct 23 00:55 CEST</EndDateTime>
		<EndTestTime>1698015322</EndTestTime>
		<ElapsedMinutes>0</ElapsedMinutes>
	</Testing>
</Site>
